Using pre-set license
Built from '2021.3/staging' branch; Version is '2021.3.15f1 (e8e88683f834) revision 15263878'; Using compiler version '192829333'; Build Type 'Release'
OS: 'Windows 11  (10.0.22621) 64bit Core' Language: 'en' Physical Memory: 16015 MB
BatchMode: 1, IsHumanControllingUs: 0, StartBugReporterOnCrash: 0, Is64bit: 1, IsPro: 1

COMMAND LINE ARGUMENTS:
C:\Program Files\Unity\Hub\Editor\2021.3.15f1\Editor\Unity.exe
-adb2
-batchMode
-noUpm
-name
AssetImportWorker2
-projectPath
D:/Animating-Characters
-logFile
Logs/AssetImportWorker2.log
-srvPort
59691
Successfully changed project path to: D:/Animating-Characters
D:/Animating-Characters
[UnityMemory] Configuration Parameters - Can be set up in boot.config
    "memorysetup-bucket-allocator-granularity=16"
    "memorysetup-bucket-allocator-bucket-count=8"
    "memorysetup-bucket-allocator-block-size=33554432"
    "memorysetup-bucket-allocator-block-count=8"
    "memorysetup-main-allocator-block-size=16777216"
    "memorysetup-thread-allocator-block-size=16777216"
    "memorysetup-gfx-main-allocator-block-size=16777216"
    "memorysetup-gfx-thread-allocator-block-size=16777216"
    "memorysetup-cache-allocator-block-size=4194304"
    "memorysetup-typetree-allocator-block-size=2097152"
    "memorysetup-profiler-bucket-allocator-granularity=16"
    "memorysetup-profiler-bucket-allocator-bucket-count=8"
    "memorysetup-profiler-bucket-allocator-block-size=33554432"
    "memorysetup-profiler-bucket-allocator-block-count=8"
    "memorysetup-profiler-allocator-block-size=16777216"
    "memorysetup-profiler-editor-allocator-block-size=1048576"
    "memorysetup-temp-allocator-size-main=16777216"
    "memorysetup-job-temp-allocator-block-size=2097152"
    "memorysetup-job-temp-allocator-block-size-background=1048576"
    "memorysetup-job-temp-allocator-reduction-small-platforms=262144"
    "memorysetup-temp-allocator-size-background-worker=32768"
    "memorysetup-temp-allocator-size-job-worker=262144"
    "memorysetup-temp-allocator-size-preload-manager=33554432"
    "memorysetup-temp-allocator-size-nav-mesh-worker=65536"
    "memorysetup-temp-allocator-size-audio-worker=65536"
    "memorysetup-temp-allocator-size-cloud-worker=32768"
    "memorysetup-temp-allocator-size-gi-baking-worker=262144"
    "memorysetup-temp-allocator-size-gfx=262144"
Player connection [31244] Host "[IP] 192.168.1.162 [Port] 0 [Flags] 2 [Guid] 1482750910 [EditorId] 1482750910 [Version] 1048832 [Id] WindowsEditor(7,DESKTOP-UA2QPC9) [Debug] 1 [PackageName] WindowsEditor [ProjectName] Editor" joined multi-casting on [225.0.0.222:54997]...

Player connection [31244] Host "[IP] 192.168.1.162 [Port] 0 [Flags] 2 [Guid] 1482750910 [EditorId] 1482750910 [Version] 1048832 [Id] WindowsEditor(7,DESKTOP-UA2QPC9) [Debug] 1 [PackageName] WindowsEditor [ProjectName] Editor" joined alternative multi-casting on [225.0.0.222:34997]...

Refreshing native plugins compatible for Editor in 53.27 ms, found 2 plugins.
Preloading 0 native plugins for Editor in 0.00 ms.
Initialize engine version: 2021.3.15f1 (e8e88683f834)
[Subsystems] Discovering subsystems at path C:/Program Files/Unity/Hub/Editor/2021.3.15f1/Editor/Data/Resources/UnitySubsystems
[Subsystems] Discovering subsystems at path D:/Animating-Characters/Assets
GfxDevice: creating device client; threaded=0; jobified=0
Direct3D:
    Version:  Direct3D 11.0 [level 11.1]
    Renderer: NVIDIA GeForce MX330 (ID=0x1d16)
    Vendor:   NVIDIA
    VRAM:     1982 MB
    Driver:   31.0.15.2849
Initialize mono
Mono path[0] = 'C:/Program Files/Unity/Hub/Editor/2021.3.15f1/Editor/Data/Managed'
Mono path[1] = 'C:/Program Files/Unity/Hub/Editor/2021.3.15f1/Editor/Data/MonoBleedingEdge/lib/mono/unityjit-win32'
Mono config path = 'C:/Program Files/Unity/Hub/Editor/2021.3.15f1/Editor/Data/MonoBleedingEdge/etc'
Using monoOptions --debugger-agent=transport=dt_socket,embedding=1,server=y,suspend=n,address=127.0.0.1:56040
Begin MonoManager ReloadAssembly
Registering precompiled unity dll's ...
Register platform support module: C:/Program Files/Unity/Hub/Editor/2021.3.15f1/Editor/Data/PlaybackEngines/WebGLSupport/UnityEditor.WebGL.Extensions.dll
Register platform support module: C:/Program Files/Unity/Hub/Editor/2021.3.15f1/Editor/Data/PlaybackEngines/AndroidPlayer/UnityEditor.Android.Extensions.dll
Register platform support module: C:/Program Files/Unity/Hub/Editor/2021.3.15f1/Editor/Data/PlaybackEngines/WindowsStandaloneSupport/UnityEditor.WindowsStandalone.Extensions.dll
Register platform support module: C:/Program Files/Unity/Hub/Editor/2021.3.15f1/Editor/Data/PlaybackEngines/MetroSupport/UnityEditor.UWP.Extensions.dll
Registered in 0.006554 seconds.
Native extension for UWP target not found
Native extension for WindowsStandalone target not found
Native extension for Android target not found
Native extension for WebGL target not found
Refreshing native plugins compatible for Editor in 44.56 ms, found 2 plugins.
Preloading 0 native plugins for Editor in 0.00 ms.
Mono: successfully reloaded assembly
- Completed reload, in  0.672 seconds
Domain Reload Profiling:
	ReloadAssembly (673ms)
		BeginReloadAssembly (81ms)
			ExecutionOrderSort (0ms)
			DisableScriptedObjects (0ms)
			BackupInstance (0ms)
			ReleaseScriptingObjects (0ms)
			CreateAndSetChildDomain (1ms)
		EndReloadAssembly (466ms)
			LoadAssemblies (81ms)
			RebuildTransferFunctionScriptingTraits (0ms)
			SetupTypeCache (124ms)
			ReleaseScriptCaches (0ms)
			RebuildScriptCaches (26ms)
			SetupLoadedEditorAssemblies (267ms)
				LogAssemblyErrors (0ms)
				InitializePlatformSupportModulesInManaged (53ms)
				SetLoadedEditorAssemblies (0ms)
				RefreshPlugins (45ms)
				BeforeProcessingInitializeOnLoad (1ms)
				ProcessInitializeOnLoadAttributes (109ms)
				ProcessInitializeOnLoadMethodAttributes (58ms)
				AfterProcessingInitializeOnLoad (0ms)
				EditorAssembliesLoaded (0ms)
			ExecutionOrderSort2 (0ms)
			AwakeInstancesAfterBackupRestoration (0ms)
Platform modules already initialized, skipping
Registering precompiled user dll's ...
Registered in 0.003055 seconds.
Begin MonoManager ReloadAssembly
Native extension for UWP target not found
Native extension for WindowsStandalone target not found
Native extension for Android target not found
Native extension for WebGL target not found
Refreshing native plugins compatible for Editor in 1.06 ms, found 2 plugins.
Preloading 0 native plugins for Editor in 0.00 ms.
Package Manager log level set to [2]
Mono: successfully reloaded assembly
- Completed reload, in  3.914 seconds
Domain Reload Profiling:
	ReloadAssembly (3915ms)
		BeginReloadAssembly (254ms)
			ExecutionOrderSort (0ms)
			DisableScriptedObjects (8ms)
			BackupInstance (0ms)
			ReleaseScriptingObjects (0ms)
			CreateAndSetChildDomain (148ms)
		EndReloadAssembly (3560ms)
			LoadAssemblies (2790ms)
			RebuildTransferFunctionScriptingTraits (0ms)
			SetupTypeCache (181ms)
			ReleaseScriptCaches (0ms)
			RebuildScriptCaches (59ms)
			SetupLoadedEditorAssemblies (493ms)
				LogAssemblyErrors (0ms)
				InitializePlatformSupportModulesInManaged (17ms)
				SetLoadedEditorAssemblies (0ms)
				RefreshPlugins (1ms)
				BeforeProcessingInitializeOnLoad (56ms)
				ProcessInitializeOnLoadAttributes (248ms)
				ProcessInitializeOnLoadMethodAttributes (165ms)
				AfterProcessingInitializeOnLoad (5ms)
				EditorAssembliesLoaded (0ms)
			ExecutionOrderSort2 (0ms)
			AwakeInstancesAfterBackupRestoration (5ms)
Platform modules already initialized, skipping
========================================================================
Worker process is ready to serve import requests
Launched and connected shader compiler UnityShaderCompiler.exe after 0.04 seconds
Refreshing native plugins compatible for Editor in 0.65 ms, found 2 plugins.
Preloading 0 native plugins for Editor in 0.00 ms.
Unloading 2412 Unused Serialized files (Serialized files now loaded: 0)
Unloading 63 unused Assets / (57.1 KB). Loaded Objects now: 2852.
Memory consumption went from 94.0 MB to 94.0 MB.
Total: 5.568800 ms (FindLiveObjects: 0.223400 ms CreateObjectMapping: 0.087600 ms MarkObjects: 5.127500 ms  DeleteObjects: 0.128800 ms)

AssetImportParameters requested are different than current active one (requested -> active):
  custom:video-decoder-ogg-theora: a1e56fd34408186e4bbccfd4996cb3dc -> 
  custom:container-muxer-webm: aa71ff27fc2769a1b78a27578f13a17b -> 
  custom:container-demuxer-webm: 4f35f7cbe854078d1ac9338744f61a02 -> 
  custom:video-encoder-webm-vp8: eb34c28f22e8b96e1ab97ce403110664 -> 
  custom:audio-encoder-webm-vorbis: bf7c407c2cedff20999df2af8eb42d56 -> 
  custom:framework-win-MediaFoundation: 216162199b28c13a410421893ffa2e32 -> 
  custom:container-demuxer-ogg: 62fdf1f143b41e24485cea50d1cbac27 -> 
  custom:video-decoder-webm-vp8: 9c59270c3fd7afecdb556c50c9e8de78 -> 
  custom:audio-decoder-ogg-vorbis: bf7c407c2cedff20999df2af8eb42d56 -> 
========================================================================
Received Import Request.
  Time since last request: 391993.021776 seconds.
  path: Assets/Models/Ethnic/christian2.fbm/christian2_Beard_diffuse.png
  artifactKey: Guid(6c7d6c2ca41914d448b9ffc797726b29) Importer(815301076,1909f56bfc062723c751e8b465ee728b)
Start importing Assets/Models/Ethnic/christian2.fbm/christian2_Beard_diffuse.png using Guid(6c7d6c2ca41914d448b9ffc797726b29) Importer(815301076,1909f56bfc062723c751e8b465ee728b)  -> (artifact id: '3dbe4b2b7d5c4a940324d51caf7d4dac') in 0.091976 seconds 
========================================================================
Received Import Request.
  Time since last request: 0.000020 seconds.
  path: Assets/Editor/Curves/QuadBezierCurveInspector.cs
  artifactKey: Guid(416b51e8449f7284a8943b365e321779) Importer(815301076,1909f56bfc062723c751e8b465ee728b)
Start importing Assets/Editor/Curves/QuadBezierCurveInspector.cs using Guid(416b51e8449f7284a8943b365e321779) Importer(815301076,1909f56bfc062723c751e8b465ee728b)  -> (artifact id: 'c4060610dbd42b867a0c173440f2ea78') in 0.020456 seconds 
========================================================================
Received Import Request.
  Time since last request: 0.000035 seconds.
  path: Assets/Models/Fantasy/Erika_Archer.fbm/FemaleFitA_Body_diffuse.png
  artifactKey: Guid(5a3221fc2b2de4e4fb265f144dfdb21c) Importer(815301076,1909f56bfc062723c751e8b465ee728b)
Start importing Assets/Models/Fantasy/Erika_Archer.fbm/FemaleFitA_Body_diffuse.png using Guid(5a3221fc2b2de4e4fb265f144dfdb21c) Importer(815301076,1909f56bfc062723c751e8b465ee728b)  -> (artifact id: '8cf3f3d859f7cd6f3cbfe190e3c995c8') in 0.267337 seconds 
========================================================================
Received Import Request.
  Time since last request: 0.000025 seconds.
  path: Assets/Editor/Curves/LineInspector.cs
  artifactKey: Guid(dc067b1d2ed183842b284bc195698f04) Importer(815301076,1909f56bfc062723c751e8b465ee728b)
Start importing Assets/Editor/Curves/LineInspector.cs using Guid(dc067b1d2ed183842b284bc195698f04) Importer(815301076,1909f56bfc062723c751e8b465ee728b)  -> (artifact id: '35c47a13aedaced9bc8d287201709236') in 0.009794 seconds 
========================================================================
Received Import Request.
  Time since last request: 0.000036 seconds.
  path: Assets/Models/Ethnic/Christian_01.fbm/Christian_01_Hair_gloss.png
  artifactKey: Guid(c5dc6f3d20a97744d95ecca8c4571e65) Importer(815301076,1909f56bfc062723c751e8b465ee728b)
Start importing Assets/Models/Ethnic/Christian_01.fbm/Christian_01_Hair_gloss.png using Guid(c5dc6f3d20a97744d95ecca8c4571e65) Importer(815301076,1909f56bfc062723c751e8b465ee728b)  -> (artifact id: '0428adf327e94d9183f8ae374cd7fda4') in 0.054154 seconds 
========================================================================
Received Import Request.
  Time since last request: 0.000024 seconds.
  path: Assets/Models/Ethnic/Christian_01.fbm/Christian_01_Body_gloss.png
  artifactKey: Guid(a6b2b270b1da91043bf4ec775cddb90e) Importer(815301076,1909f56bfc062723c751e8b465ee728b)
Start importing Assets/Models/Ethnic/Christian_01.fbm/Christian_01_Body_gloss.png using Guid(a6b2b270b1da91043bf4ec775cddb90e) Importer(815301076,1909f56bfc062723c751e8b465ee728b)  -> (artifact id: 'fbec4ac9f4c1043031a3ab3e13eba210') in 0.093114 seconds 
========================================================================
Received Import Request.
  Time since last request: 0.000016 seconds.
  path: Assets/Models/Ethnic/Christian_01.fbm/Christian_01_Body_specular.png
  artifactKey: Guid(f1a67af4e0477c54d8776a4aea3c7513) Importer(815301076,1909f56bfc062723c751e8b465ee728b)
Start importing Assets/Models/Ethnic/Christian_01.fbm/Christian_01_Body_specular.png using Guid(f1a67af4e0477c54d8776a4aea3c7513) Importer(815301076,1909f56bfc062723c751e8b465ee728b)  -> (artifact id: '1d180297324af3800a7868ab6cdf89a8') in 0.106222 seconds 
========================================================================
Received Import Request.
  Time since last request: 0.000025 seconds.
  path: Assets/Models/Ethnic/Christian_01.fbm/Christian_01_Hair_specular.png
  artifactKey: Guid(aae1cbe58cd606c49b3aee6b70aaf799) Importer(815301076,1909f56bfc062723c751e8b465ee728b)
Start importing Assets/Models/Ethnic/Christian_01.fbm/Christian_01_Hair_specular.png using Guid(aae1cbe58cd606c49b3aee6b70aaf799) Importer(815301076,1909f56bfc062723c751e8b465ee728b)  -> (artifact id: '6b0557694a8a9ceb03534fdb6745fb98') in 0.043676 seconds 
========================================================================
Received Import Request.
  Time since last request: 0.000030 seconds.
  path: Assets/Scripts/Curves/CurveAnimator/CurveAnimator.cs
  artifactKey: Guid(c0d688727e9187341b2e699ed61af2a9) Importer(815301076,1909f56bfc062723c751e8b465ee728b)
Start importing Assets/Scripts/Curves/CurveAnimator/CurveAnimator.cs using Guid(c0d688727e9187341b2e699ed61af2a9) Importer(815301076,1909f56bfc062723c751e8b465ee728b)  -> (artifact id: '5985535bc67d653091cb7f9d29513c6e') in 0.006911 seconds 
========================================================================
Received Import Request.
  Time since last request: 0.000029 seconds.
  path: Assets/Editor/Curves/CatmullRomInspector.cs
  artifactKey: Guid(c3df4759e2a766a4f8512b01566fcc57) Importer(815301076,1909f56bfc062723c751e8b465ee728b)
Start importing Assets/Editor/Curves/CatmullRomInspector.cs using Guid(c3df4759e2a766a4f8512b01566fcc57) Importer(815301076,1909f56bfc062723c751e8b465ee728b)  -> (artifact id: 'c987cc883737164c025859d79b8d1d46') in 0.016854 seconds 
========================================================================
Received Import Request.
  Time since last request: 0.000024 seconds.
  path: Assets/Editor/Curves/CubicBezierCurveInspector.cs
  artifactKey: Guid(c80d8ec770785d8488a2039d69712098) Importer(815301076,1909f56bfc062723c751e8b465ee728b)
Start importing Assets/Editor/Curves/CubicBezierCurveInspector.cs using Guid(c80d8ec770785d8488a2039d69712098) Importer(815301076,1909f56bfc062723c751e8b465ee728b)  -> (artifact id: '1e3b60666fd436fc237ae9353cbaf344') in 0.008367 seconds 
========================================================================
Received Import Request.
  Time since last request: 0.000025 seconds.
  path: Assets/Models/Ethnic/christian2.fbm/christian2_Body_specular.png
  artifactKey: Guid(9a8db135aa3222841825ed54a6ed4bb2) Importer(815301076,1909f56bfc062723c751e8b465ee728b)
Start importing Assets/Models/Ethnic/christian2.fbm/christian2_Body_specular.png using Guid(9a8db135aa3222841825ed54a6ed4bb2) Importer(815301076,1909f56bfc062723c751e8b465ee728b)  -> (artifact id: '64d71358225984996542cd928a4c879c') in 0.057771 seconds 
========================================================================
Received Import Request.
  Time since last request: 0.000030 seconds.
  path: Assets/Models/Fantasy/Erika_Archer.fbm/Erika_Archer_Clothes_normal.png
  artifactKey: Guid(9fe533464c344db45af39aa45430644a) Importer(815301076,1909f56bfc062723c751e8b465ee728b)
Start importing Assets/Models/Fantasy/Erika_Archer.fbm/Erika_Archer_Clothes_normal.png using Guid(9fe533464c344db45af39aa45430644a) Importer(815301076,1909f56bfc062723c751e8b465ee728b)  -> (artifact id: '7ac95f4e6942b848038b8248e59d988e') in 0.394751 seconds 
========================================================================
Received Import Request.
  Time since last request: 0.000019 seconds.
  path: Assets/Models/Fantasy/Erika_Archer.fbm/FemaleFitA_StdNM.png
  artifactKey: Guid(e871caed10ebaf8478dcd04ece149250) Importer(815301076,1909f56bfc062723c751e8b465ee728b)
Start importing Assets/Models/Fantasy/Erika_Archer.fbm/FemaleFitA_StdNM.png using Guid(e871caed10ebaf8478dcd04ece149250) Importer(815301076,1909f56bfc062723c751e8b465ee728b)  -> (artifact id: '8b129f38c3562addab406c034454ef5b') in 0.533697 seconds 
========================================================================
Received Import Request.
  Time since last request: 0.000029 seconds.
  path: Assets/Models/Ethnic/Christian_01.fbm/Christian_01_Hair_normal.png
  artifactKey: Guid(2df8596d8b4d1b64cbacd6ad35a60403) Importer(815301076,1909f56bfc062723c751e8b465ee728b)
Start importing Assets/Models/Ethnic/Christian_01.fbm/Christian_01_Hair_normal.png using Guid(2df8596d8b4d1b64cbacd6ad35a60403) Importer(815301076,1909f56bfc062723c751e8b465ee728b)  -> (artifact id: '2b71ecb9a95737142ea55f08b4ae9a40') in 0.286113 seconds 
========================================================================
Received Import Request.
  Time since last request: 0.000192 seconds.
  path: Assets/Models/Contemporary/female_01.fbm
  artifactKey: Guid(64451a8287522954b8b1bf3e89473a04) Importer(815301076,1909f56bfc062723c751e8b465ee728b)
Start importing Assets/Models/Contemporary/female_01.fbm using Guid(64451a8287522954b8b1bf3e89473a04) Importer(815301076,1909f56bfc062723c751e8b465ee728b)  -> (artifact id: 'c203b6c7c6240ef6cf9934e35a4c0777') in 0.006005 seconds 
========================================================================
Received Import Request.
  Time since last request: 0.000031 seconds.
  path: Assets/Models/Ethnic/christian2.fbm/christian2_Body_diffuse.png
  artifactKey: Guid(a05d4b0e7e603294ca006ef3ea8089c4) Importer(815301076,1909f56bfc062723c751e8b465ee728b)
Start importing Assets/Models/Ethnic/christian2.fbm/christian2_Body_diffuse.png using Guid(a05d4b0e7e603294ca006ef3ea8089c4) Importer(815301076,1909f56bfc062723c751e8b465ee728b)  -> (artifact id: '0f1596f3fb0f0971fe1a9695186345be') in 0.088237 seconds 
========================================================================
Received Import Request.
  Time since last request: 0.000019 seconds.
  path: Assets/Editor/Curves
  artifactKey: Guid(80427a2343b621d4ba58d31dc7dd0911) Importer(815301076,1909f56bfc062723c751e8b465ee728b)
Start importing Assets/Editor/Curves using Guid(80427a2343b621d4ba58d31dc7dd0911) Importer(815301076,1909f56bfc062723c751e8b465ee728b)  -> (artifact id: '61f16e82670f8d9f01b89aab1f540e73') in 0.006539 seconds 
========================================================================
Received Import Request.
  Time since last request: 0.000022 seconds.
  path: Assets/Models/Fantasy/Erika_Archer.fbm/Erika_Archer_Clothes_diffuse.png
  artifactKey: Guid(a72b06cda84c1c146b3e848167a4140b) Importer(815301076,1909f56bfc062723c751e8b465ee728b)
Start importing Assets/Models/Fantasy/Erika_Archer.fbm/Erika_Archer_Clothes_diffuse.png using Guid(a72b06cda84c1c146b3e848167a4140b) Importer(815301076,1909f56bfc062723c751e8b465ee728b)  -> (artifact id: '27c2734c1ee13b975a5ed6548ca96e13') in 0.086598 seconds 
========================================================================
Received Import Request.
  Time since last request: 0.000019 seconds.
  path: Assets/Models/Ethnic/christian2.fbm/christian2_Body_gloss.png
  artifactKey: Guid(9c66cb1c55a8c334b82e658c5a621fea) Importer(815301076,1909f56bfc062723c751e8b465ee728b)
Start importing Assets/Models/Ethnic/christian2.fbm/christian2_Body_gloss.png using Guid(9c66cb1c55a8c334b82e658c5a621fea) Importer(815301076,1909f56bfc062723c751e8b465ee728b)  -> (artifact id: '3b31300a770846d1eefea26e9b304f5e') in 0.362147 seconds 
========================================================================
Received Import Request.
  Time since last request: 0.000020 seconds.
  path: Assets/Models/Ethnic/Christian_01.fbm/Christian_01_Body_normal.png
  artifactKey: Guid(c34750a08444ac24aa12e6670919dc94) Importer(815301076,1909f56bfc062723c751e8b465ee728b)
Start importing Assets/Models/Ethnic/Christian_01.fbm/Christian_01_Body_normal.png using Guid(c34750a08444ac24aa12e6670919dc94) Importer(815301076,1909f56bfc062723c751e8b465ee728b)  -> (artifact id: '88f2bf466f6afc7e6cade7b411528559') in 0.290782 seconds 
========================================================================
Received Import Request.
  Time since last request: 0.000029 seconds.
  path: Assets/Models/Ethnic/christian2.fbm/christian2_Hair_normal.png
  artifactKey: Guid(9f37da7f32b1f3d4b833504324551c25) Importer(815301076,1909f56bfc062723c751e8b465ee728b)
Start importing Assets/Models/Ethnic/christian2.fbm/christian2_Hair_normal.png using Guid(9f37da7f32b1f3d4b833504324551c25) Importer(815301076,1909f56bfc062723c751e8b465ee728b)  -> (artifact id: '64e2825afb1a23ee57f92a0156751e8a') in 0.422425 seconds 
========================================================================
Received Import Request.
  Time since last request: 85.874957 seconds.
  path: Assets/Animations/Creature Pack
  artifactKey: Guid(aea8b4ce79cc82640afbf03c35921250) Importer(815301076,1909f56bfc062723c751e8b465ee728b)
Start importing Assets/Animations/Creature Pack using Guid(aea8b4ce79cc82640afbf03c35921250) Importer(815301076,1909f56bfc062723c751e8b465ee728b)  -> (artifact id: 'a91a2d7f7181089ebd9a1fe121c2c5f0') in 0.006368 seconds 
========================================================================
Received Import Request.
  Time since last request: 0.036794 seconds.
  path: Assets/Animations/Creature Pack/Beta.fbx
  artifactKey: Guid(c6dab1e3745a85746b046a877ef64492) Importer(815301076,1909f56bfc062723c751e8b465ee728b)
Start importing Assets/Animations/Creature Pack/Beta.fbx using Guid(c6dab1e3745a85746b046a877ef64492) Importer(815301076,1909f56bfc062723c751e8b465ee728b)  -> (artifact id: '8c73a6d2dfb6aa97c79397605d5eef1a') in 0.547028 seconds 
========================================================================
Received Import Request.
  Time since last request: 0.000023 seconds.
  path: Assets/Animations/Creature Pack/Beta@mutant_breathing_idle.fbx
  artifactKey: Guid(726059aee893f954aa066da5ffee30cd) Importer(815301076,1909f56bfc062723c751e8b465ee728b)
Start importing Assets/Animations/Creature Pack/Beta@mutant_breathing_idle.fbx using Guid(726059aee893f954aa066da5ffee30cd) Importer(815301076,1909f56bfc062723c751e8b465ee728b)  -> (artifact id: '8ce19b2c21e62078049a7d603990f230') in 0.180235 seconds 
========================================================================
Received Import Request.
  Time since last request: 0.000030 seconds.
  path: Assets/Animations/Creature Pack/Beta@left_turn_45.fbx
  artifactKey: Guid(ee22b76e81c1dae4eab1a87c5b1f59eb) Importer(815301076,1909f56bfc062723c751e8b465ee728b)
Start importing Assets/Animations/Creature Pack/Beta@left_turn_45.fbx using Guid(ee22b76e81c1dae4eab1a87c5b1f59eb) Importer(815301076,1909f56bfc062723c751e8b465ee728b)  -> (artifact id: '42986938c84eacdc5e7741ac8ad27b7c') in 0.075584 seconds 
========================================================================
Received Import Request.
  Time since last request: 0.000020 seconds.
  path: Assets/Animations/Creature Pack/Beta@mutant_idle_1.fbx
  artifactKey: Guid(ef253dcaca5eaef43a27803f8717012d) Importer(815301076,1909f56bfc062723c751e8b465ee728b)
Start importing Assets/Animations/Creature Pack/Beta@mutant_idle_1.fbx using Guid(ef253dcaca5eaef43a27803f8717012d) Importer(815301076,1909f56bfc062723c751e8b465ee728b)  -> (artifact id: '3b4ba4b4003bef5dadf49c07578ef4c1') in 0.131185 seconds 
========================================================================
Received Import Request.
  Time since last request: 1.007382 seconds.
  path: Assets/Animations/Interactions Pack/ADAPTMan@acknowledging.fbx
  artifactKey: Guid(54f161be0d5d4dd4e94ea6d90150aa3d) Importer(815301076,1909f56bfc062723c751e8b465ee728b)
Start importing Assets/Animations/Interactions Pack/ADAPTMan@acknowledging.fbx using Guid(54f161be0d5d4dd4e94ea6d90150aa3d) Importer(815301076,1909f56bfc062723c751e8b465ee728b)  -> (artifact id: 'c9471ddc40863eaf583b29124cea083b') in 0.168084 seconds 
========================================================================
Received Import Request.
  Time since last request: 0.000019 seconds.
  path: Assets/Animations/Interactions Pack/ADAPTMan@happy_hand_gesture.fbx
  artifactKey: Guid(c900426dd714ed2438af825bb27ec4df) Importer(815301076,1909f56bfc062723c751e8b465ee728b)
Start importing Assets/Animations/Interactions Pack/ADAPTMan@happy_hand_gesture.fbx using Guid(c900426dd714ed2438af825bb27ec4df) Importer(815301076,1909f56bfc062723c751e8b465ee728b)  -> (artifact id: '9337d7b991374ed7e9023acae2271ff7') in 0.097178 seconds 
========================================================================
Received Import Request.
  Time since last request: 0.000024 seconds.
  path: Assets/Animations/Interactions Pack/ADAPTMan@climbing_1.fbx
  artifactKey: Guid(c16311294b3776345a804bcd0f5bea15) Importer(815301076,1909f56bfc062723c751e8b465ee728b)
Start importing Assets/Animations/Interactions Pack/ADAPTMan@climbing_1.fbx using Guid(c16311294b3776345a804bcd0f5bea15) Importer(815301076,1909f56bfc062723c751e8b465ee728b)  -> (artifact id: 'a2cc48bfe0a0014078d969bc4fca28e5') in 0.117545 seconds 
========================================================================
Received Import Request.
  Time since last request: 0.000028 seconds.
  path: Assets/Animations/Interactions Pack/ADAPTMan@dismissing_gesture.fbx
  artifactKey: Guid(59de4aa16725fb94b94eff6e888958c4) Importer(815301076,1909f56bfc062723c751e8b465ee728b)
Start importing Assets/Animations/Interactions Pack/ADAPTMan@dismissing_gesture.fbx using Guid(59de4aa16725fb94b94eff6e888958c4) Importer(815301076,1909f56bfc062723c751e8b465ee728b)  -> (artifact id: '9758390647def0262a7c8e864a7e47b6') in 0.184892 seconds 
========================================================================
Received Import Request.
  Time since last request: 0.000033 seconds.
  path: Assets/Animations/Interactions Pack/ADAPTMan@being_cocky.fbx
  artifactKey: Guid(159bb5969103cc24ab80818b61b28587) Importer(815301076,1909f56bfc062723c751e8b465ee728b)
Start importing Assets/Animations/Interactions Pack/ADAPTMan@being_cocky.fbx using Guid(159bb5969103cc24ab80818b61b28587) Importer(815301076,1909f56bfc062723c751e8b465ee728b)  -> (artifact id: 'd159f36af5e0ac4fd0f133cceff931f4') in 0.103966 seconds 
========================================================================
Received Import Request.
  Time since last request: 0.317863 seconds.
  path: Assets/Animations/Locomotion Pack/DefaultAvatar@Idle_Neutral.fbx
  artifactKey: Guid(73a45bcfc298b834186be3113735e607) Importer(815301076,1909f56bfc062723c751e8b465ee728b)
Start importing Assets/Animations/Locomotion Pack/DefaultAvatar@Idle_Neutral.fbx using Guid(73a45bcfc298b834186be3113735e607) Importer(815301076,1909f56bfc062723c751e8b465ee728b)  -> (artifact id: '17f9159f87b7fc4081f6fcd307e148a2') in 0.908074 seconds 
========================================================================
Received Import Request.
  Time since last request: 0.000028 seconds.
  path: Assets/Animations/Male Pack/FuseModel@left_strafe.fbx
  artifactKey: Guid(f3ffe4055a8902041a1268990daf7149) Importer(815301076,1909f56bfc062723c751e8b465ee728b)
Start importing Assets/Animations/Male Pack/FuseModel@left_strafe.fbx using Guid(f3ffe4055a8902041a1268990daf7149) Importer(815301076,1909f56bfc062723c751e8b465ee728b)  -> (artifact id: '9fa9957df7e06e39eefd3126c5f6abd3') in 0.583030 seconds 
========================================================================
Received Import Request.
  Time since last request: 0.000031 seconds.
  path: Assets/Animations/Male Pack/FuseModel@idle.fbx
  artifactKey: Guid(a90dc30a3fe8a1643bea3c56a07aff89) Importer(815301076,1909f56bfc062723c751e8b465ee728b)
Start importing Assets/Animations/Male Pack/FuseModel@idle.fbx using Guid(a90dc30a3fe8a1643bea3c56a07aff89) Importer(815301076,1909f56bfc062723c751e8b465ee728b)  -> (artifact id: '9d505ae6f6fae8f279aeabe248bb4cd4') in 0.068175 seconds 
========================================================================
Received Import Request.
  Time since last request: 0.000019 seconds.
  path: Assets/Animations/Locomotion Pack/DefaultAvatar@PlantNTurn135.fbx
  artifactKey: Guid(cfcbdbb570f3dbb4f83ea58a11a6b3dc) Importer(815301076,1909f56bfc062723c751e8b465ee728b)
Start importing Assets/Animations/Locomotion Pack/DefaultAvatar@PlantNTurn135.fbx using Guid(cfcbdbb570f3dbb4f83ea58a11a6b3dc) Importer(815301076,1909f56bfc062723c751e8b465ee728b)  -> (artifact id: '6b9d4912ac20b85d2dd18d79351fd665') in 0.206047 seconds 
========================================================================
Received Import Request.
  Time since last request: 0.000019 seconds.
  path: Assets/Animations/Male Pack/FuseModel@left_turn_90.fbx
  artifactKey: Guid(536318ace7d35ef479830e6d1fab319f) Importer(815301076,1909f56bfc062723c751e8b465ee728b)
Start importing Assets/Animations/Male Pack/FuseModel@left_turn_90.fbx using Guid(536318ace7d35ef479830e6d1fab319f) Importer(815301076,1909f56bfc062723c751e8b465ee728b)  -> (artifact id: '0962cb489728e779651ccb48ee9e8f4a') in 0.337781 seconds 
========================================================================
Received Import Request.
  Time since last request: 0.000034 seconds.
  path: Assets/Animations/Male Pack/FuseModel@right_turn_90.fbx
  artifactKey: Guid(6532fa6cb6926e049b67685d57b60cd3) Importer(815301076,1909f56bfc062723c751e8b465ee728b)
Start importing Assets/Animations/Male Pack/FuseModel@right_turn_90.fbx using Guid(6532fa6cb6926e049b67685d57b60cd3) Importer(815301076,1909f56bfc062723c751e8b465ee728b)  -> (artifact id: '9372ec0a652e58054088a1bad9fd75e0') in 0.103772 seconds 
========================================================================
Received Import Request.
  Time since last request: 0.000017 seconds.
  path: Assets/Animations/Male Pack/FuseModel@left_strafe_walking.fbx
  artifactKey: Guid(6533e59b49c56b84a8b41fc9daa352e6) Importer(815301076,1909f56bfc062723c751e8b465ee728b)
Start importing Assets/Animations/Male Pack/FuseModel@left_strafe_walking.fbx using Guid(6533e59b49c56b84a8b41fc9daa352e6) Importer(815301076,1909f56bfc062723c751e8b465ee728b)  -> (artifact id: 'bb07c94fb56eade59f815e78dba6dd4c') in 0.074110 seconds 
========================================================================
Received Import Request.
  Time since last request: 0.000018 seconds.
  path: Assets/Animations/Male Pack/FuseModel@right_strafe.fbx
  artifactKey: Guid(5e169df621cfbed4baf071082ea9fe27) Importer(815301076,1909f56bfc062723c751e8b465ee728b)
Start importing Assets/Animations/Male Pack/FuseModel@right_strafe.fbx using Guid(5e169df621cfbed4baf071082ea9fe27) Importer(815301076,1909f56bfc062723c751e8b465ee728b)  -> (artifact id: '69b95ef5823402c4e631f2aa17876207') in 0.133713 seconds 
========================================================================
Received Import Request.
  Time since last request: 9.213772 seconds.
  path: Assets/Animations/Female Pack/female_01.fbx
  artifactKey: Guid(09a869c121af1a34dbf24204cfac331b) Importer(815301076,1909f56bfc062723c751e8b465ee728b)
Start importing Assets/Animations/Female Pack/female_01.fbx using Guid(09a869c121af1a34dbf24204cfac331b) Importer(815301076,1909f56bfc062723c751e8b465ee728b)  -> (artifact id: '45fa13c8fdd23988d6197f4102355961') in 0.639313 seconds 
========================================================================
Received Import Request.
  Time since last request: 0.000025 seconds.
  path: Assets/Animations/Female Pack/female_01@right_strafe_walk.fbx
  artifactKey: Guid(73e93af189e1af641a7c2916d7d45055) Importer(815301076,1909f56bfc062723c751e8b465ee728b)
Start importing Assets/Animations/Female Pack/female_01@right_strafe_walk.fbx using Guid(73e93af189e1af641a7c2916d7d45055) Importer(815301076,1909f56bfc062723c751e8b465ee728b)  -> (artifact id: '87b8c08d26e10d345955281489a0f4cd') in 0.053293 seconds 
========================================================================
Received Import Request.
  Time since last request: 0.000025 seconds.
  path: Assets/Animations/Female Pack/female_01@jump.fbx
  artifactKey: Guid(8a9e86524ca951b47ac3a45d7288d3ac) Importer(815301076,1909f56bfc062723c751e8b465ee728b)
Start importing Assets/Animations/Female Pack/female_01@jump.fbx using Guid(8a9e86524ca951b47ac3a45d7288d3ac) Importer(815301076,1909f56bfc062723c751e8b465ee728b)  -> (artifact id: 'dc523de2a36a05680265e2ce96dc70bd') in 0.082295 seconds 
========================================================================
Received Import Request.
  Time since last request: 0.189448 seconds.
  path: Assets/Animations/Hero Pack/Adam_General_Animations.FBX
  artifactKey: Guid(db44d0a3057ae7c438b1a0d08c8e9406) Importer(815301076,1909f56bfc062723c751e8b465ee728b)
Start importing Assets/Animations/Hero Pack/Adam_General_Animations.FBX using Guid(db44d0a3057ae7c438b1a0d08c8e9406) Importer(815301076,1909f56bfc062723c751e8b465ee728b)  -> (artifact id: 'e60fdc68ad8ebbc6610160f035ac81f4') in 3.476630 seconds 
========================================================================
Received Import Request.
  Time since last request: 7.217413 seconds.
  path: Assets/Animations/Creature Pack/Beta@mutant_jumping_1.fbx
  artifactKey: Guid(f7bf77dd8d203ae4eb1aa13dc37bed8e) Importer(815301076,1909f56bfc062723c751e8b465ee728b)
Start importing Assets/Animations/Creature Pack/Beta@mutant_jumping_1.fbx using Guid(f7bf77dd8d203ae4eb1aa13dc37bed8e) Importer(815301076,1909f56bfc062723c751e8b465ee728b)  -> (artifact id: '36d45dd3d163c69b75445d2ea0959758') in 0.130548 seconds 
========================================================================
Received Import Request.
  Time since last request: 0.185296 seconds.
  path: Assets/Animations/Creature Pack/Beta@mutant_right_turn_45.fbx
  artifactKey: Guid(cdbcef9c4c3a27a4ca5aa58d55f195ff) Importer(815301076,1909f56bfc062723c751e8b465ee728b)
Start importing Assets/Animations/Creature Pack/Beta@mutant_right_turn_45.fbx using Guid(cdbcef9c4c3a27a4ca5aa58d55f195ff) Importer(815301076,1909f56bfc062723c751e8b465ee728b)  -> (artifact id: '25880295fcd095c1d8585c675afdab1a') in 0.172211 seconds 
========================================================================
Received Import Request.
  Time since last request: 0.000018 seconds.
  path: Assets/Animations/Creature Pack/Beta@mutant_right_turn_90.fbx
  artifactKey: Guid(be3a369373b6478458e78a8cf470a1fa) Importer(815301076,1909f56bfc062723c751e8b465ee728b)
Start importing Assets/Animations/Creature Pack/Beta@mutant_right_turn_90.fbx using Guid(be3a369373b6478458e78a8cf470a1fa) Importer(815301076,1909f56bfc062723c751e8b465ee728b)  -> (artifact id: '514b095047ef31ecbbc02c067fb42d95') in 0.202873 seconds 
========================================================================
Received Import Request.
  Time since last request: 0.000022 seconds.
  path: Assets/Animations/Creature Pack/Beta@mutant_swiping.fbx
  artifactKey: Guid(7cf5359cc520e0a4aafc2c56e31bede6) Importer(815301076,1909f56bfc062723c751e8b465ee728b)
Start importing Assets/Animations/Creature Pack/Beta@mutant_swiping.fbx using Guid(7cf5359cc520e0a4aafc2c56e31bede6) Importer(815301076,1909f56bfc062723c751e8b465ee728b)  -> (artifact id: '8764660090c2ac83dcac30d7a071d7e1') in 0.179842 seconds 
========================================================================
Received Import Request.
  Time since last request: 39.430858 seconds.
  path: Assets/Standard Assets/Environment
  artifactKey: Guid(6ca8c4e270f964e0da9f731d7d34b123) Importer(815301076,1909f56bfc062723c751e8b465ee728b)
Start importing Assets/Standard Assets/Environment using Guid(6ca8c4e270f964e0da9f731d7d34b123) Importer(815301076,1909f56bfc062723c751e8b465ee728b)  -> (artifact id: 'fd58c34f6b2c6208615c81e878dfaa43') in 0.006300 seconds 
========================================================================
Received Import Request.
  Time since last request: 2.063295 seconds.
  path: Assets/Standard Assets/Environment/SpeedTree
  artifactKey: Guid(c04a867c41990cb44b46672730a8e63f) Importer(815301076,1909f56bfc062723c751e8b465ee728b)
Start importing Assets/Standard Assets/Environment/SpeedTree using Guid(c04a867c41990cb44b46672730a8e63f) Importer(815301076,1909f56bfc062723c751e8b465ee728b)  -> (artifact id: '190f82a640b6d2fff0a87c4acc0aa9e6') in 0.006895 seconds 
========================================================================
Received Import Request.
  Time since last request: 0.900340 seconds.
  path: Assets/Standard Assets/Environment/SpeedTree/Broadleaf
  artifactKey: Guid(98f48093c79e1de4aad538371abbe607) Importer(815301076,1909f56bfc062723c751e8b465ee728b)
Start importing Assets/Standard Assets/Environment/SpeedTree/Broadleaf using Guid(98f48093c79e1de4aad538371abbe607) Importer(815301076,1909f56bfc062723c751e8b465ee728b)  -> (artifact id: 'b1995fb8adf60e70eaf65afc9a37dfe8') in 0.006250 seconds 
========================================================================
Received Import Request.
  Time since last request: 0.046339 seconds.
  path: Assets/Standard Assets/Environment/SpeedTree/Broadleaf/Broadleaf_Desktop.spm
  artifactKey: Guid(c91c1eb85782d5748ace27eb4d7415bb) Importer(815301076,1909f56bfc062723c751e8b465ee728b)
Start importing Assets/Standard Assets/Environment/SpeedTree/Broadleaf/Broadleaf_Desktop.spm using Guid(c91c1eb85782d5748ace27eb4d7415bb) Importer(815301076,1909f56bfc062723c751e8b465ee728b)  -> (artifact id: '3f7971f1a2bdc412462d8cb25f3680e7') in 2.289431 seconds 
========================================================================
Received Import Request.
  Time since last request: 3.632472 seconds.
  path: Assets/UnityVS/Editor
  artifactKey: Guid(310692a5e14650a4394bc25d600699af) Importer(815301076,1909f56bfc062723c751e8b465ee728b)
Start importing Assets/UnityVS/Editor using Guid(310692a5e14650a4394bc25d600699af) Importer(815301076,1909f56bfc062723c751e8b465ee728b)  -> (artifact id: '4156b8d1c19abd20fdda60f7e18beb73') in 0.006070 seconds 
========================================================================
Received Import Request.
  Time since last request: 11.027521 seconds.
  path: Assets/Scenes/Demos
  artifactKey: Guid(70939e62602b50a4f926ac37b2bda290) Importer(815301076,1909f56bfc062723c751e8b465ee728b)
Start importing Assets/Scenes/Demos using Guid(70939e62602b50a4f926ac37b2bda290) Importer(815301076,1909f56bfc062723c751e8b465ee728b)  -> (artifact id: '8f7b948fd9323c77e73869d6866aec32') in 0.006110 seconds 
========================================================================
Received Import Request.
  Time since last request: 1.244081 seconds.
  path: Assets/Scenes/Demos/Curves.unity
  artifactKey: Guid(5525a8e9ffff0fe40bc49860b5d7e1d5) Importer(815301076,1909f56bfc062723c751e8b465ee728b)
Start importing Assets/Scenes/Demos/Curves.unity using Guid(5525a8e9ffff0fe40bc49860b5d7e1d5) Importer(815301076,1909f56bfc062723c751e8b465ee728b)  -> (artifact id: '859dda8b336a10936ecf15a2988fc96f') in 0.007543 seconds 
========================================================================
Received Import Request.
  Time since last request: 6.217984 seconds.
  path: Assets/Scenes/Playground.unity
  artifactKey: Guid(4026448e55ef48444964d03a739b5cf7) Importer(815301076,1909f56bfc062723c751e8b465ee728b)
Start importing Assets/Scenes/Playground.unity using Guid(4026448e55ef48444964d03a739b5cf7) Importer(815301076,1909f56bfc062723c751e8b465ee728b)  -> (artifact id: '0e8552f1b117af768f1aaf628152787e') in 0.006396 seconds 
========================================================================
Received Import Request.
  Time since last request: 173.325449 seconds.
  path: Assets/UnityVS/Editor/SyntaxTree.VisualStudio.Unity.Bridge.dll
  artifactKey: Guid(38d405c119fcc7c4e83d4a478a40ff2f) Importer(815301076,1909f56bfc062723c751e8b465ee728b)
Start importing Assets/UnityVS/Editor/SyntaxTree.VisualStudio.Unity.Bridge.dll using Guid(38d405c119fcc7c4e83d4a478a40ff2f) Importer(815301076,1909f56bfc062723c751e8b465ee728b)  -> (artifact id: '1fdff4d6b8ed73bef77829df8afd501f') in 0.018138 seconds 
========================================================================
Received Import Request.
  Time since last request: 1.062056 seconds.
  path: Assets/UnityVS/Editor/SyntaxTree.VisualStudio.Unity.Messaging.dll
  artifactKey: Guid(4ad02dc83da735c4e8d945332b9202f6) Importer(815301076,1909f56bfc062723c751e8b465ee728b)
Start importing Assets/UnityVS/Editor/SyntaxTree.VisualStudio.Unity.Messaging.dll using Guid(4ad02dc83da735c4e8d945332b9202f6) Importer(815301076,1909f56bfc062723c751e8b465ee728b)  -> (artifact id: '58977f922ad6cd0e530cc00e232ecf96') in 0.006881 seconds 
========================================================================
Received Import Request.
  Time since last request: 0.667447 seconds.
  path: Assets/UnityVS/Editor/UnityVS.VersionSpecific.dll
  artifactKey: Guid(392b51d2f2b74274db37f50cb4bedbcf) Importer(815301076,1909f56bfc062723c751e8b465ee728b)
Start importing Assets/UnityVS/Editor/UnityVS.VersionSpecific.dll using Guid(392b51d2f2b74274db37f50cb4bedbcf) Importer(815301076,1909f56bfc062723c751e8b465ee728b)  -> (artifact id: 'f3f668f530afb9a9b2f4dfbf9d15d773') in 0.004995 seconds 
========================================================================
Received Import Request.
  Time since last request: 3.241547 seconds.
  path: Assets/Scenes/Playground/NavMesh.asset
  artifactKey: Guid(a7ffec89faea1424b98ceee4300d2c59) Importer(815301076,1909f56bfc062723c751e8b465ee728b)
Start importing Assets/Scenes/Playground/NavMesh.asset using Guid(a7ffec89faea1424b98ceee4300d2c59) Importer(815301076,1909f56bfc062723c751e8b465ee728b)  -> (artifact id: 'cf7b300bb914223fa21e41addfeda079') in 0.007716 seconds 
========================================================================
Received Import Request.
  Time since last request: 28.121031 seconds.
  path: Assets/Animations/Interactions Pack
  artifactKey: Guid(277270dea33490a4da528e15fa30aac0) Importer(815301076,1909f56bfc062723c751e8b465ee728b)
Start importing Assets/Animations/Interactions Pack using Guid(277270dea33490a4da528e15fa30aac0) Importer(815301076,1909f56bfc062723c751e8b465ee728b)  -> (artifact id: '230c6e189c83633062a2ce22c16e5cde') in 0.007760 seconds 
========================================================================
Received Import Request.
  Time since last request: 21.776960 seconds.
  path: Assets/Animations/Interactions Pack/ADAPTMan@head_nod_yes.fbx
  artifactKey: Guid(0fa06b27019e86e48b99e6ef756e63b4) Importer(815301076,1909f56bfc062723c751e8b465ee728b)
Start importing Assets/Animations/Interactions Pack/ADAPTMan@head_nod_yes.fbx using Guid(0fa06b27019e86e48b99e6ef756e63b4) Importer(815301076,1909f56bfc062723c751e8b465ee728b)  -> (artifact id: 'c884c72fd57400b8fdead0bc48ea43e2') in 0.129006 seconds 
========================================================================
Received Import Request.
  Time since last request: 0.174857 seconds.
  path: Assets/Animations/Interactions Pack/ADAPTMan@look_away_gesture.fbx
  artifactKey: Guid(6d942c6a2331fdd4db7a13e0394bbbe2) Importer(815301076,1909f56bfc062723c751e8b465ee728b)
Start importing Assets/Animations/Interactions Pack/ADAPTMan@look_away_gesture.fbx using Guid(6d942c6a2331fdd4db7a13e0394bbbe2) Importer(815301076,1909f56bfc062723c751e8b465ee728b)  -> (artifact id: 'ae5748bbd073da1a877d73d6db46d080') in 0.134910 seconds 
========================================================================
Received Import Request.
  Time since last request: 0.000026 seconds.
  path: Assets/Animations/Interactions Pack/ADAPTMan@right_strafe_walking_1.fbx
  artifactKey: Guid(562afddb0bd633e4c8eb9d727720a3d1) Importer(815301076,1909f56bfc062723c751e8b465ee728b)
Start importing Assets/Animations/Interactions Pack/ADAPTMan@right_strafe_walking_1.fbx using Guid(562afddb0bd633e4c8eb9d727720a3d1) Importer(815301076,1909f56bfc062723c751e8b465ee728b)  -> (artifact id: '90cb1ec32183c3a3c322268b9870b6b1') in 0.173758 seconds 
========================================================================
Received Import Request.
  Time since last request: 0.000028 seconds.
  path: Assets/Animations/Interactions Pack/ADAPTMan@sarcastic_head_nod.fbx
  artifactKey: Guid(8656642eb5ef1304a896324656f06ea9) Importer(815301076,1909f56bfc062723c751e8b465ee728b)
Start importing Assets/Animations/Interactions Pack/ADAPTMan@sarcastic_head_nod.fbx using Guid(8656642eb5ef1304a896324656f06ea9) Importer(815301076,1909f56bfc062723c751e8b465ee728b)  -> (artifact id: '3740d2e63b399ebd488de684d84175ef') in 0.101548 seconds 
========================================================================
Received Import Request.
  Time since last request: 0.000018 seconds.
  path: Assets/Animations/Interactions Pack/ADAPTMan@running_jump_1.fbx
  artifactKey: Guid(017418634f52b1445bc9e6a53b1078b8) Importer(815301076,1909f56bfc062723c751e8b465ee728b)
Start importing Assets/Animations/Interactions Pack/ADAPTMan@running_jump_1.fbx using Guid(017418634f52b1445bc9e6a53b1078b8) Importer(815301076,1909f56bfc062723c751e8b465ee728b)  -> (artifact id: '9de0bc0ae2f3d2d5250014e0c51c5752') in 0.064257 seconds 
========================================================================
Received Import Request.
  Time since last request: 0.039018 seconds.
  path: Assets/Animations/Interactions Pack/ADAPTMan@shaking_head_no.fbx
  artifactKey: Guid(09ee54e31d457064f80aa9a69489aa01) Importer(815301076,1909f56bfc062723c751e8b465ee728b)
Start importing Assets/Animations/Interactions Pack/ADAPTMan@shaking_head_no.fbx using Guid(09ee54e31d457064f80aa9a69489aa01) Importer(815301076,1909f56bfc062723c751e8b465ee728b)  -> (artifact id: '607bba1c9e7b0eb1e4e5209fbdb8016e') in 0.115440 seconds 
========================================================================
Received Import Request.
  Time since last request: 7.032922 seconds.
  path: Assets/Animations/Interactions Pack/Materials
  artifactKey: Guid(85cbe4bad7168854a9c1086173574d87) Importer(815301076,1909f56bfc062723c751e8b465ee728b)
Start importing Assets/Animations/Interactions Pack/Materials using Guid(85cbe4bad7168854a9c1086173574d87) Importer(815301076,1909f56bfc062723c751e8b465ee728b)  -> (artifact id: '75cf9e9cb260b3b74e7fe5318f2699c4') in 0.008067 seconds 
========================================================================
Received Import Request.
  Time since last request: 0.068750 seconds.
  path: Assets/Animations/Interactions Pack/Materials/Beta_Body_MAT.mat
  artifactKey: Guid(54d3df17daaf4464cad168b3d2f11056) Importer(815301076,1909f56bfc062723c751e8b465ee728b)
Start importing Assets/Animations/Interactions Pack/Materials/Beta_Body_MAT.mat using Guid(54d3df17daaf4464cad168b3d2f11056) Importer(815301076,1909f56bfc062723c751e8b465ee728b)  -> (artifact id: '6bf6e57ceb54a6bc27c23981e729364b') in 0.063710 seconds 
========================================================================
Received Import Request.
  Time since last request: 0.000017 seconds.
  path: Assets/Animations/Interactions Pack/Materials/eyes_color_map.mat
  artifactKey: Guid(043454a8d2c993c4c914d4e155505803) Importer(815301076,1909f56bfc062723c751e8b465ee728b)
Start importing Assets/Animations/Interactions Pack/Materials/eyes_color_map.mat using Guid(043454a8d2c993c4c914d4e155505803) Importer(815301076,1909f56bfc062723c751e8b465ee728b)  -> (artifact id: '47424d55a096007b860b0d86ba2c798e') in 0.024567 seconds 
========================================================================
Received Import Request.
  Time since last request: 7.095481 seconds.
  path: Assets/Animations/Locomotion Pack/Materials
  artifactKey: Guid(654ce4b05184f114f8e248906d2d156c) Importer(815301076,1909f56bfc062723c751e8b465ee728b)
Start importing Assets/Animations/Locomotion Pack/Materials using Guid(654ce4b05184f114f8e248906d2d156c) Importer(815301076,1909f56bfc062723c751e8b465ee728b)  -> (artifact id: '8dba0eb5838cd8effbb77ef43d6ac201') in 0.001722 seconds 
========================================================================
Received Import Request.
  Time since last request: 0.664782 seconds.
  path: Assets/Animations/Locomotion Pack/Running
  artifactKey: Guid(e5ba67dc83a83ad4c9fa8419416393af) Importer(815301076,1909f56bfc062723c751e8b465ee728b)
Start importing Assets/Animations/Locomotion Pack/Running using Guid(e5ba67dc83a83ad4c9fa8419416393af) Importer(815301076,1909f56bfc062723c751e8b465ee728b)  -> (artifact id: 'e55ac245c3f96652563b7394a28cc48f') in 0.005846 seconds 
========================================================================
Received Import Request.
  Time since last request: 0.052605 seconds.
  path: Assets/Animations/Locomotion Pack/Running/Jog_LedgeStop_Idle.fbx
  artifactKey: Guid(e13b0fbab2cc506459d33d9f42dc69a3) Importer(815301076,1909f56bfc062723c751e8b465ee728b)
Start importing Assets/Animations/Locomotion Pack/Running/Jog_LedgeStop_Idle.fbx using Guid(e13b0fbab2cc506459d33d9f42dc69a3) Importer(815301076,1909f56bfc062723c751e8b465ee728b)  -> (artifact id: '53418507859f8be6fa6f8991c2ebbbdf') in 0.141791 seconds 
========================================================================
Received Import Request.
  Time since last request: 0.000022 seconds.
  path: Assets/Animations/Locomotion Pack/Running/JogForward_NtrlFaceFwd.fbx
  artifactKey: Guid(fdc39e3202ebc4d4a8a473fd95fcff55) Importer(815301076,1909f56bfc062723c751e8b465ee728b)
Start importing Assets/Animations/Locomotion Pack/Running/JogForward_NtrlFaceFwd.fbx using Guid(fdc39e3202ebc4d4a8a473fd95fcff55) Importer(815301076,1909f56bfc062723c751e8b465ee728b)  -> (artifact id: '9dadba8fb00e2536ae89372c0daaf475') in 0.190631 seconds 
========================================================================
Received Import Request.
  Time since last request: 0.000055 seconds.
  path: Assets/Animations/Locomotion Pack/Running/Run_LedgeStop_Idle.fbx
  artifactKey: Guid(92c6b16928350864bace68123cad332b) Importer(815301076,1909f56bfc062723c751e8b465ee728b)
Start importing Assets/Animations/Locomotion Pack/Running/Run_LedgeStop_Idle.fbx using Guid(92c6b16928350864bace68123cad332b) Importer(815301076,1909f56bfc062723c751e8b465ee728b)  -> (artifact id: '57b17eb782302f9314ab860a9cc2a83c') in 0.157981 seconds 
========================================================================
Received Import Request.
  Time since last request: 0.000021 seconds.
  path: Assets/Animations/Locomotion Pack/Running/Run_LedgeStop2_Idle.fbx
  artifactKey: Guid(06d84b63ad5657749b84c6dd59826e8b) Importer(815301076,1909f56bfc062723c751e8b465ee728b)
Start importing Assets/Animations/Locomotion Pack/Running/Run_LedgeStop2_Idle.fbx using Guid(06d84b63ad5657749b84c6dd59826e8b) Importer(815301076,1909f56bfc062723c751e8b465ee728b)  -> (artifact id: '3d4155edfb2df2c6ccef4e333c448436') in 0.155069 seconds 
========================================================================
Received Import Request.
  Time since last request: 5.574912 seconds.
  path: Assets/Animations/Male Pack/FuseModel.fbx
  artifactKey: Guid(e4d4e63192d1e824ea39494a0d5d0208) Importer(815301076,1909f56bfc062723c751e8b465ee728b)
Start importing Assets/Animations/Male Pack/FuseModel.fbx using Guid(e4d4e63192d1e824ea39494a0d5d0208) Importer(815301076,1909f56bfc062723c751e8b465ee728b)  -> (artifact id: 'c29ba174444a26ca4a3430850d4d4a12') in 0.069893 seconds 
========================================================================
Received Import Request.
  Time since last request: 1.849997 seconds.
  path: Assets/Animations/Male Pack/FuseModel@walking.fbx
  artifactKey: Guid(27498b0da3565f24fab8fd27fe192845) Importer(815301076,1909f56bfc062723c751e8b465ee728b)
Start importing Assets/Animations/Male Pack/FuseModel@walking.fbx using Guid(27498b0da3565f24fab8fd27fe192845) Importer(815301076,1909f56bfc062723c751e8b465ee728b)  -> (artifact id: 'ee0426aa63d9fe551e1da656ff45efa4') in 0.101198 seconds 
========================================================================
Received Import Request.
  Time since last request: 1678.035038 seconds.
  path: Assets/Scripts/Curves
  artifactKey: Guid(7c6558394b792574481dc53bf753b7dc) Importer(815301076,1909f56bfc062723c751e8b465ee728b)
Start importing Assets/Scripts/Curves using Guid(7c6558394b792574481dc53bf753b7dc) Importer(815301076,1909f56bfc062723c751e8b465ee728b)  -> (artifact id: 'a657271dd44a2580cd17b2bd18686ee6') in 0.002490 seconds 
========================================================================
Received Prepare
Registering precompiled user dll's ...
Registered in 0.003869 seconds.
Begin MonoManager ReloadAssembly
Native extension for UWP target not found
Native extension for WindowsStandalone target not found
Native extension for Android target not found
Native extension for WebGL target not found
Refreshing native plugins compatible for Editor in 0.78 ms, found 2 plugins.
Preloading 0 native plugins for Editor in 0.00 ms.
Mono: successfully reloaded assembly
- Completed reload, in  3.233 seconds
Domain Reload Profiling:
	ReloadAssembly (3235ms)
		BeginReloadAssembly (485ms)
			ExecutionOrderSort (0ms)
			DisableScriptedObjects (38ms)
			BackupInstance (0ms)
			ReleaseScriptingObjects (0ms)
			CreateAndSetChildDomain (170ms)
		EndReloadAssembly (2161ms)
			LoadAssemblies (337ms)
			RebuildTransferFunctionScriptingTraits (1ms)
			SetupTypeCache (1296ms)
			ReleaseScriptCaches (1ms)
			RebuildScriptCaches (63ms)
			SetupLoadedEditorAssemblies (543ms)
				LogAssemblyErrors (0ms)
				InitializePlatformSupportModulesInManaged (30ms)
				SetLoadedEditorAssemblies (1ms)
				RefreshPlugins (1ms)
				BeforeProcessingInitializeOnLoad (68ms)
				ProcessInitializeOnLoadAttributes (299ms)
				ProcessInitializeOnLoadMethodAttributes (138ms)
				AfterProcessingInitializeOnLoad (5ms)
				EditorAssembliesLoaded (2ms)
			ExecutionOrderSort2 (0ms)
			AwakeInstancesAfterBackupRestoration (8ms)
Platform modules already initialized, skipping
Refreshing native plugins compatible for Editor in 3.73 ms, found 2 plugins.
Preloading 0 native plugins for Editor in 0.00 ms.
Unloading 2479 Unused Serialized files (Serialized files now loaded: 0)
Unloading 53 unused Assets / (26.5 KB). Loaded Objects now: 2984.
Memory consumption went from 105.7 MB to 105.6 MB.
Total: 7.900300 ms (FindLiveObjects: 0.251400 ms CreateObjectMapping: 0.106400 ms MarkObjects: 7.420200 ms  DeleteObjects: 0.120900 ms)

AssetImportParameters requested are different than current active one (requested -> active):
  custom:video-decoder-ogg-theora: a1e56fd34408186e4bbccfd4996cb3dc -> 
  custom:container-muxer-webm: aa71ff27fc2769a1b78a27578f13a17b -> 
  custom:container-demuxer-webm: 4f35f7cbe854078d1ac9338744f61a02 -> 
  custom:video-encoder-webm-vp8: eb34c28f22e8b96e1ab97ce403110664 -> 
  custom:audio-encoder-webm-vorbis: bf7c407c2cedff20999df2af8eb42d56 -> 
  custom:framework-win-MediaFoundation: 216162199b28c13a410421893ffa2e32 -> 
  custom:container-demuxer-ogg: 62fdf1f143b41e24485cea50d1cbac27 -> 
  custom:video-decoder-webm-vp8: 9c59270c3fd7afecdb556c50c9e8de78 -> 
  custom:audio-decoder-ogg-vorbis: bf7c407c2cedff20999df2af8eb42d56 -> 
========================================================================
Received Prepare
Registering precompiled user dll's ...
Registered in 0.009136 seconds.
Begin MonoManager ReloadAssembly
Native extension for UWP target not found
Native extension for WindowsStandalone target not found
Native extension for Android target not found
Native extension for WebGL target not found
Refreshing native plugins compatible for Editor in 2.52 ms, found 2 plugins.
Preloading 0 native plugins for Editor in 0.00 ms.
Mono: successfully reloaded assembly
- Completed reload, in  2.038 seconds
Domain Reload Profiling:
	ReloadAssembly (2039ms)
		BeginReloadAssembly (252ms)
			ExecutionOrderSort (0ms)
			DisableScriptedObjects (8ms)
			BackupInstance (0ms)
			ReleaseScriptingObjects (0ms)
			CreateAndSetChildDomain (80ms)
		EndReloadAssembly (1618ms)
			LoadAssemblies (163ms)
			RebuildTransferFunctionScriptingTraits (0ms)
			SetupTypeCache (478ms)
			ReleaseScriptCaches (5ms)
			RebuildScriptCaches (122ms)
			SetupLoadedEditorAssemblies (759ms)
				LogAssemblyErrors (0ms)
				InitializePlatformSupportModulesInManaged (82ms)
				SetLoadedEditorAssemblies (2ms)
				RefreshPlugins (3ms)
				BeforeProcessingInitializeOnLoad (94ms)
				ProcessInitializeOnLoadAttributes (365ms)
				ProcessInitializeOnLoadMethodAttributes (206ms)
				AfterProcessingInitializeOnLoad (7ms)
				EditorAssembliesLoaded (0ms)
			ExecutionOrderSort2 (0ms)
			AwakeInstancesAfterBackupRestoration (11ms)
Platform modules already initialized, skipping
Refreshing native plugins compatible for Editor in 6.70 ms, found 2 plugins.
Preloading 0 native plugins for Editor in 0.00 ms.
Unloading 2493 Unused Serialized files (Serialized files now loaded: 0)
Unloading 52 unused Assets / (25.8 KB). Loaded Objects now: 3002.
Memory consumption went from 107.6 MB to 107.5 MB.
Total: 6.756700 ms (FindLiveObjects: 0.224900 ms CreateObjectMapping: 0.086700 ms MarkObjects: 6.372500 ms  DeleteObjects: 0.069600 ms)

AssetImportParameters requested are different than current active one (requested -> active):
  custom:video-decoder-ogg-theora: a1e56fd34408186e4bbccfd4996cb3dc -> 
  custom:container-muxer-webm: aa71ff27fc2769a1b78a27578f13a17b -> 
  custom:container-demuxer-webm: 4f35f7cbe854078d1ac9338744f61a02 -> 
  custom:video-encoder-webm-vp8: eb34c28f22e8b96e1ab97ce403110664 -> 
  custom:audio-encoder-webm-vorbis: bf7c407c2cedff20999df2af8eb42d56 -> 
  custom:framework-win-MediaFoundation: 216162199b28c13a410421893ffa2e32 -> 
  custom:container-demuxer-ogg: 62fdf1f143b41e24485cea50d1cbac27 -> 
  custom:video-decoder-webm-vp8: 9c59270c3fd7afecdb556c50c9e8de78 -> 
  custom:audio-decoder-ogg-vorbis: bf7c407c2cedff20999df2af8eb42d56 -> 
========================================================================
Received Import Request.
  Time since last request: 992.189385 seconds.
  path: Assets/Readme.asset
  artifactKey: Guid(1cfc960b94b505749900716b109e066c) Importer(815301076,1909f56bfc062723c751e8b465ee728b)
Start importing Assets/Readme.asset using Guid(1cfc960b94b505749900716b109e066c) Importer(815301076,1909f56bfc062723c751e8b465ee728b)  -> (artifact id: '7b85210c366a756962edec1161fc195c') in 0.066355 seconds 
========================================================================
Received Import Request.
  Time since last request: 5971.880900 seconds.
  path: Assets/Prefabs
  artifactKey: Guid(afdea1752ef8c5c459e81fa46287379b) Importer(815301076,1909f56bfc062723c751e8b465ee728b)
Start importing Assets/Prefabs using Guid(afdea1752ef8c5c459e81fa46287379b) Importer(815301076,1909f56bfc062723c751e8b465ee728b)  -> (artifact id: '87f3deca3a1cb337922525775a7c8ffe') in 0.020280 seconds 
========================================================================
Received Import Request.
  Time since last request: 3.872767 seconds.
  path: Assets/Prefabs/Adam_General_Animations.prefab
  artifactKey: Guid(8523c9aec0ee3ad4abc817bc44b8c62f) Importer(815301076,1909f56bfc062723c751e8b465ee728b)
Start importing Assets/Prefabs/Adam_General_Animations.prefab using Guid(8523c9aec0ee3ad4abc817bc44b8c62f) Importer(815301076,1909f56bfc062723c751e8b465ee728b)  -> (artifact id: 'c03d89be60990ef2106fdaaaf5f980a6') in 2.323421 seconds 
========================================================================
Received Import Request.
  Time since last request: 2.111018 seconds.
  path: Assets/Prefabs/Obstacle.prefab
  artifactKey: Guid(4c1439a2281cda54597103c762bcb965) Importer(815301076,1909f56bfc062723c751e8b465ee728b)
Start importing Assets/Prefabs/Obstacle.prefab using Guid(4c1439a2281cda54597103c762bcb965) Importer(815301076,1909f56bfc062723c751e8b465ee728b)  -> (artifact id: '1a148d6506327af46de02d75549340ec') in 0.356659 seconds 
========================================================================
Received Import Request.
  Time since last request: 2.410711 seconds.
  path: Assets/Prefabs/Camera.prefab
  artifactKey: Guid(f60b28231d4e84c4ea4ce9c6c3aa11dc) Importer(815301076,1909f56bfc062723c751e8b465ee728b)
Start importing Assets/Prefabs/Camera.prefab using Guid(f60b28231d4e84c4ea4ce9c6c3aa11dc) Importer(815301076,1909f56bfc062723c751e8b465ee728b)  -> (artifact id: 'bf12d696588e12cab457b2e0dc3a9d9b') in 0.031098 seconds 
========================================================================
Received Import Request.
  Time since last request: 3.247903 seconds.
  path: Assets/Prefabs/Environment.prefab
  artifactKey: Guid(5d4ab5703890b944e844f93602a316f0) Importer(815301076,1909f56bfc062723c751e8b465ee728b)
Start importing Assets/Prefabs/Environment.prefab using Guid(5d4ab5703890b944e844f93602a316f0) Importer(815301076,1909f56bfc062723c751e8b465ee728b)  -> (artifact id: 'd531c37e7969bcc9c1a152685ba187f0') in 0.261464 seconds 
